# JRE version: Java(TM) SE Runtime Environment (8.0_202-b08) (build 1.8.0_202-b08)
# Java VM: Java HotSpot(TM) 64-Bit Server VM (25.202-b08 mixed mode windows-amd64 compressed oops)
Heap:
 PSYoungGen      total 423936K, used 77873K [0x00000000e0000000, 0x0000000100000000, 0x0000000100000000)
  eden space 333824K, 17% used [0x00000000e0000000,0x00000000e386bb50,0x00000000f4600000)
  from space 90112K, 22% used [0x00000000f4600000,0x00000000f59a08c0,0x00000000f9e00000)
  to   space 88064K, 0% used [0x00000000faa00000,0x00000000faa00000,0x0000000100000000)
 ParOldGen       total 272896K, used 43844K [0x00000000a0000000, 0x00000000b0a80000, 0x00000000e0000000)
  object space 272896K, 16% used [0x00000000a0000000,0x00000000a2ad1230,0x00000000b0a80000)
 Metaspace       used 101445K, capacity 106702K, committed 107008K, reserved 1142784K
  class space    used 13413K, capacity 14464K, committed 14592K, reserved 1048576K
GC Heap History (10 events):
Event: 4313.217 GC heap before
{Heap before GC invocations=27 (full 5):
 PSYoungGen      total 443392K, used 433678K [0x00000000e0000000, 0x0000000100000000, 0x0000000100000000)
  eden space 371712K, 98% used [0x00000000e0000000,0x00000000f6716fb0,0x00000000f6b00000)
  from space 71680K, 92% used [0x00000000f6b00000,0x00000000fab6c970,0x00000000fb100000)
  to   space 80384K, 0% used [0x00000000fb180000,0x00000000fb180000,0x0000000100000000)
 ParOldGen       total 272896K, used 50548K [0x00000000a0000000, 0x00000000b0a80000, 0x00000000e0000000)
  object space 272896K, 18% used [0x00000000a0000000,0x00000000a315d388,0x00000000b0a80000)
 Metaspace       used 100531K, capacity 105436K, committed 105600K, reserved 1140736K
  class space    used 13353K, capacity 14342K, committed 14464K, reserved 1048576K
Event: 4313.691 GC heap after
Heap after GC invocations=27 (full 5):
 PSYoungGen      total 412160K, used 80383K [0x00000000e0000000, 0x0000000100000000, 0x0000000100000000)
  eden space 331776K, 0% used [0x00000000e0000000,0x00000000e0000000,0x00000000f4400000)
  from space 80384K, 99% used [0x00000000fb180000,0x00000000fffffdf8,0x0000000100000000)
  to   space 96256K, 0% used [0x00000000f4400000,0x00000000f4400000,0x00000000fa200000)
 ParOldGen       total 272896K, used 60769K [0x00000000a0000000, 0x00000000b0a80000, 0x00000000e0000000)
  object space 272896K, 22% used [0x00000000a0000000,0x00000000a3b58620,0x00000000b0a80000)
 Metaspace       used 100531K, capacity 105436K, committed 105600K, reserved 1140736K
  class space    used 13353K, capacity 14342K, committed 14464K, reserved 1048576K
}
Event: 7314.136 GC heap before
{Heap before GC invocations=28 (full 5):
 PSYoungGen      total 412160K, used 254041K [0x00000000e0000000, 0x0000000100000000, 0x0000000100000000)
  eden space 331776K, 52% used [0x00000000e0000000,0x00000000ea9967a8,0x00000000f4400000)
  from space 80384K, 99% used [0x00000000fb180000,0x00000000fffffdf8,0x0000000100000000)
  to   space 96256K, 0% used [0x00000000f4400000,0x00000000f4400000,0x00000000fa200000)
 ParOldGen       total 272896K, used 60769K [0x00000000a0000000, 0x00000000b0a80000, 0x00000000e0000000)
  object space 272896K, 22% used [0x00000000a0000000,0x00000000a3b58620,0x00000000b0a80000)
 Metaspace       used 100605K, capacity 105454K, committed 105600K, reserved 1140736K
  class space    used 13361K, capacity 14347K, committed 14464K, reserved 1048576K
Event: 7314.584 GC heap after
Heap after GC invocations=28 (full 5):
 PSYoungGen      total 428032K, used 21150K [0x00000000e0000000, 0x0000000100000000, 0x0000000100000000)
  eden space 331776K, 0% used [0x00000000e0000000,0x00000000e0000000,0x00000000f4400000)
  from space 96256K, 21% used [0x00000000f4400000,0x00000000f58a7810,0x00000000fa200000)
  to   space 94208K, 0% used [0x00000000fa400000,0x00000000fa400000,0x0000000100000000)
 ParOldGen       total 272896K, used 60777K [0x00000000a0000000, 0x00000000b0a80000, 0x00000000e0000000)
  object space 272896K, 22% used [0x00000000a0000000,0x00000000a3b5a620,0x00000000b0a80000)
 Metaspace       used 100605K, capacity 105454K, committed 105600K, reserved 1140736K
  class space    used 13361K, capacity 14347K, committed 14464K, reserved 1048576K
}
Event: 7314.585 GC heap before
{Heap before GC invocations=29 (full 6):
 PSYoungGen      total 428032K, used 21150K [0x00000000e0000000, 0x0000000100000000, 0x0000000100000000)
  eden space 331776K, 0% used [0x00000000e0000000,0x00000000e0000000,0x00000000f4400000)
  from space 96256K, 21% used [0x00000000f4400000,0x00000000f58a7810,0x00000000fa200000)
  to   space 94208K, 0% used [0x00000000fa400000,0x00000000fa400000,0x0000000100000000)
 ParOldGen       total 272896K, used 60777K [0x00000000a0000000, 0x00000000b0a80000, 0x00000000e0000000)
  object space 272896K, 22% used [0x00000000a0000000,0x00000000a3b5a620,0x00000000b0a80000)
 Metaspace       used 100605K, capacity 105454K, committed 105600K, reserved 1140736K
  class space    used 13361K, capacity 14347K, committed 14464K, reserved 1048576K
Event: 7318.720 GC heap after
Heap after GC invocations=29 (full 6):
 PSYoungGen      total 428032K, used 0K [0x00000000e0000000, 0x0000000100000000, 0x0000000100000000)
  eden space 331776K, 0% used [0x00000000e0000000,0x00000000e0000000,0x00000000f4400000)
  from space 96256K, 0% used [0x00000000f4400000,0x00000000f4400000,0x00000000fa200000)
  to   space 94208K, 0% used [0x00000000fa400000,0x00000000fa400000,0x0000000100000000)
 ParOldGen       total 272896K, used 43757K [0x00000000a0000000, 0x00000000b0a80000, 0x00000000e0000000)
  object space 272896K, 16% used [0x00000000a0000000,0x00000000a2abb560,0x00000000b0a80000)
 Metaspace       used 99866K, capacity 104044K, committed 105600K, reserved 1140736K
  class space    used 13182K, capacity 14010K, committed 14464K, reserved 1048576K
}
Event: 8199.635 GC heap before
{Heap before GC invocations=30 (full 6):
 PSYoungGen      total 428032K, used 331776K [0x00000000e0000000, 0x0000000100000000, 0x0000000100000000)
  eden space 331776K, 100% used [0x00000000e0000000,0x00000000f4400000,0x00000000f4400000)
  from space 96256K, 0% used [0x00000000f4400000,0x00000000f4400000,0x00000000fa200000)
  to   space 94208K, 0% used [0x00000000fa400000,0x00000000fa400000,0x0000000100000000)
 ParOldGen       total 272896K, used 43828K [0x00000000a0000000, 0x00000000b0a80000, 0x00000000e0000000)
  object space 272896K, 16% used [0x00000000a0000000,0x00000000a2acd230,0x00000000b0a80000)
 Metaspace       used 101024K, capacity 106060K, committed 106368K, reserved 1140736K
  class space    used 13365K, capacity 14385K, committed 14464K, reserved 1048576K
Event: 8199.864 GC heap after
Heap after GC invocations=30 (full 6):
 PSYoungGen      total 417792K, used 29312K [0x00000000e0000000, 0x00000000ff600000, 0x0000000100000000)
  eden space 333824K, 0% used [0x00000000e0000000,0x00000000e0000000,0x00000000f4600000)
  from space 83968K, 34% used [0x00000000fa400000,0x00000000fc0a0030,0x00000000ff600000)
  to   space 90112K, 0% used [0x00000000f4600000,0x00000000f4600000,0x00000000f9e00000)
 ParOldGen       total 272896K, used 43836K [0x00000000a0000000, 0x00000000b0a80000, 0x00000000e0000000)
  object space 272896K, 16% used [0x00000000a0000000,0x00000000a2acf230,0x00000000b0a80000)
 Metaspace       used 101024K, capacity 106060K, committed 106368K, reserved 1140736K
  class space    used 13365K, capacity 14385K, committed 14464K, reserved 1048576K
}
Event: 9358.994 GC heap before
{Heap before GC invocations=31 (full 6):
 PSYoungGen      total 417792K, used 363136K [0x00000000e0000000, 0x00000000ff600000, 0x0000000100000000)
  eden space 333824K, 100% used [0x00000000e0000000,0x00000000f4600000,0x00000000f4600000)
  from space 83968K, 34% used [0x00000000fa400000,0x00000000fc0a0030,0x00000000ff600000)
  to   space 90112K, 0% used [0x00000000f4600000,0x00000000f4600000,0x00000000f9e00000)
 ParOldGen       total 272896K, used 43836K [0x00000000a0000000, 0x00000000b0a80000, 0x00000000e0000000)
  object space 272896K, 16% used [0x00000000a0000000,0x00000000a2acf230,0x00000000b0a80000)
 Metaspace       used 101343K, capacity 106642K, committed 106880K, reserved 1142784K
  class space    used 13407K, capacity 14454K, committed 14464K, reserved 1048576K
Event: 9359.483 GC heap after
Heap after GC invocations=31 (full 6):
 PSYoungGen      total 423936K, used 20098K [0x00000000e0000000, 0x0000000100000000, 0x0000000100000000)
  eden space 333824K, 0% used [0x00000000e0000000,0x00000000e0000000,0x00000000f4600000)
  from space 90112K, 22% used [0x00000000f4600000,0x00000000f59a08c0,0x00000000f9e00000)
  to   space 88064K, 0% used [0x00000000faa00000,0x00000000faa00000,0x0000000100000000)
 ParOldGen       total 272896K, used 43844K [0x00000000a0000000, 0x00000000b0a80000, 0x00000000e0000000)
  object space 272896K, 16% used [0x00000000a0000000,0x00000000a2ad1230,0x00000000b0a80000)
 Metaspace       used 101343K, capacity 106642K, committed 106880K, reserved 1142784K
  class space    used 13407K, capacity 14454K, committed 14464K, reserved 1048576K
}

